[INFO][2021-06-29 12:33:33,380] _welcome:362: Bot: Database [@your_personal_database_bot]
[WARNING][2021-06-29 12:33:34,604] _skip_updates:358: Updates were skipped successfully.
[INFO][2021-06-29 12:33:34,605] start_polling:360: Start polling.
[INFO][2021-06-29 12:33:41,554] create_table:34: Создание таблиц в БД
[INFO][2021-06-29 12:33:41,921] add_new_user:52: [Vanya None 1100858556] Создан новый пользователь
[INFO][2021-06-29 12:33:52,533] add_new_user:52: [Vanya None 1100858556] Создан новый пользователь
[INFO][2021-06-29 12:34:06,064] add_new_user:52: [Vanya None 1100858556] Создан новый пользователь
[ERROR][2021-06-29 12:34:56,343] start_polling:323: Task exception was never retrieved
future: <Task finished name='Task-59' coro=<Dispatcher._process_polling_updates() done, defined at /usr/local/lib/python3.8/dist-packages/aiogram/dispatcher/dispatcher.py:409> exception=NameError("name 'bot' is not defined")>
Traceback (most recent call last):
  File "/media/q/File/p/python/telegram/bot-aiogram/database.py", line 131, in unsubscribe_from_the_mailing
    if status_mailing[0] == 0:
TypeError: 'NoneType' object is not subscriptable

During handling of the above exception, another exception occurred:

Traceback (most recent call last):
  File "/usr/local/lib/python3.8/dist-packages/aiogram/dispatcher/dispatcher.py", line 417, in _process_polling_updates
    for responses in itertools.chain.from_iterable(await self.process_updates(updates, fast)):
  File "/usr/local/lib/python3.8/dist-packages/aiogram/dispatcher/dispatcher.py", line 238, in process_updates
    return await asyncio.gather(*tasks)
  File "/usr/local/lib/python3.8/dist-packages/aiogram/dispatcher/handler.py", line 116, in notify
    response = await handler_obj.handler(*args, **partial_data)
  File "/usr/local/lib/python3.8/dist-packages/aiogram/dispatcher/dispatcher.py", line 286, in process_update
    return await self.callback_query_handlers.notify(update.callback_query)
  File "/usr/local/lib/python3.8/dist-packages/aiogram/dispatcher/handler.py", line 116, in notify
    response = await handler_obj.handler(*args, **partial_data)
  File "/media/q/File/p/python/telegram/bot-aiogram/callback_and_message_handler.py", line 130, in callback
    await db.unsubscribe_from_the_mailing(call.message)
  File "/media/q/File/p/python/telegram/bot-aiogram/database.py", line 142, in unsubscribe_from_the_mailing
    bot.send_message(id, 'Ошибка на стороне сервера', parse_mode='html')
NameError: name 'bot' is not defined
[INFO][2021-06-29 12:35:38,946] stop_polling:435: Stop polling...
[WARNING][2021-06-29 12:35:38,947] start_polling:329: Goodbye!
[INFO][2021-06-29 12:35:41,774] _welcome:362: Bot: Database [@your_personal_database_bot]
[WARNING][2021-06-29 12:35:42,003] _skip_updates:358: Updates were skipped successfully.
[INFO][2021-06-29 12:35:42,003] start_polling:360: Start polling.
[ERROR][2021-06-29 12:35:43,496] subscribe_to_the_mailing:122: [Database None 1612043554] [Подписка на рассылку] 'NoneType' object is not subscriptable
[INFO][2021-06-29 12:35:44,176] add_new_user:52: [Database None 1612043554] Создан новый пользователь
[INFO][2021-06-29 12:36:44,231] stop_polling:435: Stop polling...
[WARNING][2021-06-29 12:36:44,232] start_polling:329: Goodbye!
[INFO][2021-06-29 12:36:52,174] _welcome:362: Bot: Database [@your_personal_database_bot]
[WARNING][2021-06-29 12:36:52,420] _skip_updates:358: Updates were skipped successfully.
[INFO][2021-06-29 12:36:52,421] start_polling:360: Start polling.
[INFO][2021-06-29 12:37:00,320] create_table:34: Создание таблиц в БД
[INFO][2021-06-29 12:42:03,635] stop_polling:435: Stop polling...
[WARNING][2021-06-29 12:42:03,636] start_polling:329: Goodbye!
[INFO][2021-06-29 12:42:06,837] _welcome:362: Bot: Database [@your_personal_database_bot]
[WARNING][2021-06-29 12:42:07,074] _skip_updates:358: Updates were skipped successfully.
[INFO][2021-06-29 12:42:07,075] start_polling:360: Start polling.
[INFO][2021-06-29 12:42:35,105] answer_user:237: [Vanya None 1100858556] [Отправка отзыва]
[ERROR][2021-06-29 12:44:00,655] number_random:290: [Vanya None 1100858556] [Рандомное число] name 'Form' is not defined
[INFO][2021-06-29 12:44:55,921] stop_polling:435: Stop polling...
[WARNING][2021-06-29 12:44:55,922] start_polling:329: Goodbye!
[INFO][2021-06-29 12:45:00,574] _welcome:362: Bot: Database [@your_personal_database_bot]
[WARNING][2021-06-29 12:45:01,808] _skip_updates:358: Updates were skipped successfully.
[INFO][2021-06-29 12:45:01,809] start_polling:360: Start polling.
[INFO][2021-06-29 12:45:39,141] stop_polling:435: Stop polling...
[WARNING][2021-06-29 12:45:39,143] start_polling:329: Goodbye!
[INFO][2021-06-29 12:46:04,165] _welcome:362: Bot: Database [@your_personal_database_bot]
[WARNING][2021-06-29 12:46:05,413] _skip_updates:358: Updates were skipped successfully.
[INFO][2021-06-29 12:46:05,414] start_polling:360: Start polling.
[INFO][2021-06-29 12:46:30,913] stop_polling:435: Stop polling...
[WARNING][2021-06-29 12:46:30,914] start_polling:329: Goodbye!
[INFO][2021-06-29 12:46:33,366] _welcome:362: Bot: Database [@your_personal_database_bot]
[WARNING][2021-06-29 12:46:34,148] _skip_updates:358: Updates were skipped successfully.
[INFO][2021-06-29 12:46:34,149] start_polling:360: Start polling.
[INFO][2021-06-29 12:48:24,119] stop_polling:435: Stop polling...
[WARNING][2021-06-29 12:48:24,120] start_polling:329: Goodbye!
[INFO][2021-06-29 12:48:32,573] _welcome:362: Bot: Database [@your_personal_database_bot]
[WARNING][2021-06-29 12:48:33,805] _skip_updates:358: Updates were skipped successfully.
[INFO][2021-06-29 12:48:33,806] start_polling:360: Start polling.
[INFO][2021-06-29 12:48:59,052] stop_polling:435: Stop polling...
[WARNING][2021-06-29 12:48:59,052] start_polling:329: Goodbye!
[INFO][2021-06-29 12:49:08,881] _welcome:362: Bot: Database [@your_personal_database_bot]
[WARNING][2021-06-29 12:49:09,438] _skip_updates:358: Updates were skipped successfully.
[INFO][2021-06-29 12:49:09,438] start_polling:360: Start polling.
[INFO][2021-06-29 12:49:20,017] stop_polling:435: Stop polling...
[WARNING][2021-06-29 12:49:20,018] start_polling:329: Goodbye!
[INFO][2021-06-29 12:49:25,497] _welcome:362: Bot: Database [@your_personal_database_bot]
[WARNING][2021-06-29 12:49:26,737] _skip_updates:358: Updates were skipped successfully.
[INFO][2021-06-29 12:49:26,738] start_polling:360: Start polling.
[INFO][2021-06-29 12:49:59,028] stop_polling:435: Stop polling...
[WARNING][2021-06-29 12:49:59,029] start_polling:329: Goodbye!
[INFO][2021-06-29 12:50:02,473] _welcome:362: Bot: Database [@your_personal_database_bot]
[WARNING][2021-06-29 12:50:03,694] _skip_updates:358: Updates were skipped successfully.
[INFO][2021-06-29 12:50:03,695] start_polling:360: Start polling.
[INFO][2021-06-29 12:50:53,593] answer_user:237: [Vanya None 1100858556] [Отправка отзыва]
[ERROR][2021-06-29 12:54:49,068] convert_video_to_text:516: [Vanya None 1100858556] [Конвертирование видео в текст] File is too big
[ERROR][2021-06-29 12:55:30,258] convert_video_to_text:516: [Vanya None 1100858556] [Конвертирование видео в текст] File is too big
[ERROR][2021-06-29 12:55:48,007] convert_video_to_text:516: [Vanya None 1100858556] [Конвертирование видео в текст] File is too big
[ERROR][2021-06-29 12:56:59,182] convert_video_to_text:516: [Vanya None 1100858556] [Конвертирование видео в текст] name 'VideoFileClip' is not defined
[INFO][2021-06-29 12:58:24,275] stop_polling:435: Stop polling...
[WARNING][2021-06-29 12:58:24,275] start_polling:329: Goodbye!
[INFO][2021-06-29 12:58:28,464] _welcome:362: Bot: Database [@your_personal_database_bot]
[WARNING][2021-06-29 12:58:29,689] _skip_updates:358: Updates were skipped successfully.
[INFO][2021-06-29 12:58:29,689] start_polling:360: Start polling.
[ERROR][2021-06-29 12:58:41,778] convert_video_to_text:520: [Vanya None 1100858556] [Конвертирование видео в текст] converting_audio() missing 1 required positional argument: 'message'
[INFO][2021-06-29 12:59:32,792] stop_polling:435: Stop polling...
[WARNING][2021-06-29 12:59:32,792] start_polling:329: Goodbye!
[INFO][2021-06-29 12:59:37,545] _welcome:362: Bot: Database [@your_personal_database_bot]
[WARNING][2021-06-29 12:59:38,804] _skip_updates:358: Updates were skipped successfully.
[INFO][2021-06-29 12:59:38,805] start_polling:360: Start polling.
[INFO][2021-06-29 13:00:07,285] stop_polling:435: Stop polling...
[WARNING][2021-06-29 13:00:07,286] start_polling:329: Goodbye!
[INFO][2021-06-29 13:00:35,134] _welcome:362: Bot: Database [@your_personal_database_bot]
[WARNING][2021-06-29 13:00:36,353] _skip_updates:358: Updates were skipped successfully.
[INFO][2021-06-29 13:00:36,354] start_polling:360: Start polling.
[INFO][2021-06-29 13:02:13,184] stop_polling:435: Stop polling...
[WARNING][2021-06-29 13:02:13,185] start_polling:329: Goodbye!
[INFO][2021-06-29 13:02:16,700] _welcome:362: Bot: Database [@your_personal_database_bot]
[WARNING][2021-06-29 13:02:16,937] _skip_updates:358: Updates were skipped successfully.
[INFO][2021-06-29 13:02:16,938] start_polling:360: Start polling.
[INFO][2021-06-29 13:02:32,276] stop_polling:435: Stop polling...
[WARNING][2021-06-29 13:02:32,277] start_polling:329: Goodbye!
[INFO][2021-06-29 13:02:35,826] _welcome:362: Bot: Database [@your_personal_database_bot]
[WARNING][2021-06-29 13:02:36,056] _skip_updates:358: Updates were skipped successfully.
[INFO][2021-06-29 13:02:36,056] start_polling:360: Start polling.
[INFO][2021-06-29 13:02:41,891] stop_polling:435: Stop polling...
[WARNING][2021-06-29 13:02:41,892] start_polling:329: Goodbye!
